0 silly argv {
0 silly argv   _: [ 'add' ],
0 silly argv   scope: 'server',
0 silly argv   globs: [],
0 silly argv   lernaVersion: '4.0.0',
0 silly argv   '$0': 'lerna',
0 silly argv   pkg: 'copyfiles'
0 silly argv }
1 notice cli v4.0.0
2 verbose rootPath /Users/Nesh/dev/starwars
3 error JSONError: Unexpected token " " (0xA0) in JSON at position 508 while parsing near "...emon dist/index.js\", \n    \"watch-ts\": \"t..." in packages/server/package.json
3 error
3 error [0m [90m 14 |[39m     [32m"postinstall"[39m[33m:[39m [32m"npm run tsc"[39m[33m,[39m[0m
3 error [0m [90m 15 |[39m     [32m"build"[39m[33m:[39m [32m"tsc && node dist/index.js"[39m[33m,[39m[0m
3 error [0m[31m[1m>[22m[39m[90m 16 |[39m     [32m"watch-node"[39m[33m:[39m [32m"nodemon dist/index.js"[39m[33m,[39m [0m
3 error [0m [90m    |[39m                                           [31m[1m^[22m[39m[0m
3 error [0m [90m 17 |[39m     [32m"watch-ts"[39m[33m:[39m [32m"tsc -w"[39m[33m,[39m[0m
3 error [0m [90m 18 |[39m     [32m"deploy"[39m[33m:[39m [32m"git add . && git commit -m Heroku && git push heroku master"[39m[0m
3 error [0m [90m 19 |[39m      [0m
3 error
3 error     at parseJson (/Users/Nesh/dev/starwars/node_modules/parse-json/index.js:29:21)
3 error     at parse (/Users/Nesh/dev/starwars/node_modules/@lerna/project/node_modules/load-json-file/index.js:15:9)
3 error     at module.exports (/Users/Nesh/dev/starwars/node_modules/@lerna/project/node_modules/load-json-file/index.js:18:47)
